<?xml version="1.0" encoding="UTF-8"?>
<!-- Generated by org.testng.reporters.JUnitReportReporter -->
<testsuite hostname="DESKTOP-970D0KD" failures="0" tests="1" name="test.Testcase2" time="10.262" errors="0" timestamp="2024-11-30T19:00:01 IST" skipped="0">
  <testcase classname="test.Testcase2" name="loginamazon" time="10.262"/>
</testsuite> <!-- test.Testcase2 -->
